    Checking r2d2-cortex v8.2.0 (/mnt/d/XXXX/R2D2/r2d2-cortex)
error: you should consider adding a `Default` implementation for `MiniLmEmbedderAgent`
  --> r2d2-cortex/src/models/minilm_embedder.rs:24:5
   |
24 | /     pub fn new() -> Self {
25 | |         // En forçant le mode CPU, l'Architecte garantit que l'agent consommera la RAM classique
26 | |         // et n'entamera pas la VRAM, tout en restant extrêmement rapide de par sa taille native.
27 | |         let device = Device::Cpu;
...  |
35 | |     }
   | |_____^
   |
   = help: for further information visit https://rust-lang.github.io/rust-clippy/rust-1.91.0/index.html#new_without_default
   = note: `-D clippy::new-without-default` implied by `-D warnings`
   = help: to override `-D warnings` add `#[allow(clippy::new_without_default)]`
help: try adding this
   |
23 + impl Default for MiniLmEmbedderAgent {
24 +     fn default() -> Self {
25 +         Self::new()
26 +     }
27 + }
   |

error: you should consider adding a `Default` implementation for `CortexRegistry`
  --> r2d2-cortex/src/registry.rs:19:5
   |
19 | /     pub fn new() -> Self {
20 | |         Self {
21 | |             agents: RwLock::new(HashMap::new()),
22 | |         }
23 | |     }
   | |_____^
   |
   = help: for further information visit https://rust-lang.github.io/rust-clippy/rust-1.91.0/index.html#new_without_default
help: try adding this
   |
17 + impl Default for CortexRegistry {
18 +     fn default() -> Self {
19 +         Self::new()
20 +     }
21 + }
   |

error: could not compile `r2d2-cortex` (lib) due to 2 previous errors
warning: build failed, waiting for other jobs to finish...
error: could not compile `r2d2-cortex` (lib test) due to 2 previous errors
