       Fresh unicode-ident v1.0.24
       Fresh autocfg v1.5.0
       Fresh version_check v0.9.5
       Fresh shlex v1.3.0
       Fresh find-msvc-tools v0.1.9
       Fresh proc-macro2 v1.0.106
       Fresh cc v1.2.57
       Fresh quote v1.0.45
       Fresh libm v0.2.16
       Fresh syn v2.0.117
       Fresh crossbeam-epoch v0.9.18
       Fresh reborrow v0.5.5
       Fresh serde_derive v1.0.228
       Fresh synstructure v0.13.2
       Fresh displaydoc v0.2.5
       Fresh zerovec-derive v0.11.2
       Fresh zerocopy-derive v0.8.47
       Fresh bytemuck_derive v1.10.2
       Fresh tracing-attributes v0.1.31
       Fresh getrandom v0.3.4
       Fresh crossbeam-deque v0.8.6
       Fresh errno v0.3.14
       Fresh libc v0.2.183
       Fresh pkg-config v0.3.32
       Fresh zerofrom-derive v0.1.6
       Fresh yoke-derive v0.8.1
       Fresh bytemuck v1.25.0
       Fresh rand_core v0.9.5
       Fresh rayon-core v1.13.0
       Fresh paste v1.0.15
       Fresh signal-hook-registry v1.4.8
       Fresh zeroize_derive v1.4.3
       Fresh tokio-macros v2.6.1
       Fresh num-complex v0.4.6
       Fresh zerofrom v0.1.6
       Fresh stable_deref_trait v1.2.1
       Fresh seq-macro v0.3.6
       Fresh equivalent v1.0.2
       Fresh cfg-if v1.0.4
       Fresh rand_chacha v0.9.0
       Fresh rayon v1.11.0
       Fresh yoke v0.8.1
       Fresh serde_core v1.0.228
       Fresh hashbrown v0.16.1
       Fresh thiserror-impl v2.0.18
       Fresh futures-macro v0.3.32
       Fresh rand v0.9.2
       Fresh indexmap v2.13.0
       Fresh zerovec v0.11.5
       Fresh serde v1.0.228
       Fresh vcpkg v0.2.15
       Fresh typenum v1.19.0
       Fresh rand_distr v0.5.1
       Fresh generic-array v0.14.7
       Fresh smallvec v1.15.1
       Fresh tinystr v0.8.2
       Fresh writeable v0.6.2
       Fresh dyn-stack-macros v0.1.3
       Fresh half v2.7.1
       Fresh litemap v0.8.1
       Fresh dyn-stack v0.13.2
       Fresh potential_utf v0.1.4
       Fresh zerotrie v0.2.3
       Fresh getrandom v0.2.17
       Fresh raw-cpuid v11.6.0
       Fresh bitflags v1.3.2
       Fresh icu_locale_core v2.1.1
       Fresh pulp v0.21.5
       Fresh subtle v2.6.1
       Fresh icu_collections v2.1.1
       Fresh raw-cpuid v10.7.0
       Fresh block-buffer v0.10.4
       Fresh crypto-common v0.1.7
       Fresh pulp v0.18.22
       Fresh dyn-stack v0.10.0
       Fresh thiserror-impl v1.0.69
       Fresh zeroize v1.8.2
       Fresh foreign-types-shared v0.1.1
       Fresh icu_provider v2.1.1
       Fresh gemm-common v0.18.2
       Fresh pin-project-lite v0.2.17
       Fresh thiserror v1.0.69
       Fresh rustls-pki-types v1.14.0
       Fresh foreign-types v0.3.2
       Fresh gemm-common v0.17.1
       Fresh digest v0.10.7
       Fresh openssl-sys v0.9.112
       Fresh openssl-macros v0.1.1
       Fresh icu_normalizer_data v2.1.1
       Fresh icu_properties_data v2.1.2
       Fresh futures-core v0.3.32
       Fresh winnow v1.0.0
       Fresh crossbeam-utils v0.8.21
       Fresh openssl v0.10.76
       Fresh icu_normalizer v2.1.1
       Fresh toml_parser v1.1.0+spec-1.1.0
       Fresh icu_properties v2.1.2
       Fresh num-integer v0.1.46
       Fresh http v1.4.0
       Fresh scopeguard v1.2.0
       Fresh openssl-probe v0.2.1
       Fresh untrusted v0.9.0
       Fresh toml_datetime v1.1.0+spec-1.1.0
       Fresh once_cell v1.21.4
       Fresh num-traits v0.2.19
       Fresh crc32fast v1.5.0
       Fresh idna_adapter v1.2.1
       Fresh ring v0.17.14
       Fresh zerocopy v0.8.47
       Fresh httparse v1.10.1
       Fresh native-tls v0.2.18
       Fresh lock_api v0.4.14
       Fresh parking_lot_core v0.9.12
       Fresh toml_edit v0.25.7+spec-1.1.0
       Fresh socket2 v0.6.3
       Fresh mio v1.1.1
       Fresh percent-encoding v2.3.2
       Fresh utf8_iter v1.0.4
       Fresh memchr v2.8.0
       Fresh bytes v1.11.1
       Fresh futures-sink v0.3.32
       Fresh tokio v1.50.0
       Fresh form_urlencoded v1.2.2
       Fresh proc-macro-crate v3.5.0
       Fresh idna v1.1.0
       Fresh tracing-core v0.1.36
       Fresh parking_lot v0.12.5
       Fresh ppv-lite86 v0.2.21
       Fresh rustls-webpki v0.103.10
       Fresh http-body v1.0.1
       Fresh num-bigint v0.4.6
       Fresh gemm-f32 v0.18.2
       Fresh webpki-roots v1.0.6
       Fresh rand_core v0.6.4
       Fresh zmij v1.0.21
       Fresh futures-io v0.3.32
       Fresh strsim v0.11.1
       Fresh ident_case v1.0.1
       Fresh log v0.4.29
       Fresh fnv v1.0.7
       Fresh futures-task v0.3.32
       Fresh iana-time-zone v0.1.65
       Fresh slab v0.4.12
       Fresh itoa v1.0.18
       Fresh cpufeatures v0.2.17
       Fresh num-rational v0.4.2
       Fresh rand_chacha v0.3.1
       Fresh webpki-roots v0.26.11
       Fresh chrono v0.4.44
       Fresh darling_core v0.20.11
       Fresh futures-util v0.3.32
       Fresh gemm-f16 v0.18.2
       Fresh tracing v0.1.44
       Fresh url v2.5.8
       Fresh num_enum_derive v0.7.6
       Fresh serde_json v1.0.149
       Fresh getrandom v0.4.2
       Fresh rustls v0.23.37
       Fresh rustversion v1.0.22
       Fresh num-iter v0.1.45
       Fresh gemm-c64 v0.18.2
       Fresh gemm-f32 v0.17.1
       Fresh gemm-c32 v0.18.2
       Fresh gemm-f64 v0.18.2
       Fresh tokio-util v0.7.18
       Fresh either v1.15.0
       Fresh thiserror v2.0.18
       Fresh yoke-derive v0.7.5
       Fresh num_cpus v1.17.0
       Fresh base64 v0.22.1
       Fresh allocator-api2 v0.2.21
       Fresh atomic-waker v1.1.2
       Fresh try-lock v0.2.5
       Fresh foldhash v0.1.5
       Fresh tower-service v0.3.3
       Fresh tinyvec_macros v0.1.1
       Fresh yoke v0.7.5
       Fresh h2 v0.4.13
       Fresh hashbrown v0.15.5
       Fresh want v0.3.1
       Fresh tinyvec v1.11.0
       Fresh num v0.4.3
       Fresh num_enum v0.7.6
       Fresh gemm v0.18.2
       Fresh uuid v1.22.0
       Fresh gemm-f16 v0.17.1
       Fresh darling_macro v0.20.11
       Fresh rand v0.8.5
       Fresh futures-channel v0.3.32
       Fresh tokio-native-tls v0.3.1
       Fresh gemm-c64 v0.17.1
       Fresh gemm-c32 v0.17.1
       Fresh gemm-f64 v0.17.1
       Fresh safetensors v0.4.5
       Fresh memmap2 v0.9.10
       Fresh concurrent-queue v2.5.0
       Fresh aho-corasick v1.1.4
       Fresh libloading v0.8.9
       Fresh byteorder v1.5.0
       Fresh regex-syntax v0.8.10
       Fresh parking v2.2.1
       Fresh bitflags v2.11.0
       Fresh pin-utils v0.1.0
       Fresh crc-catalog v2.4.0
       Fresh ug v0.1.0
       Fresh regex-automata v0.4.14
       Fresh gemm v0.17.1
       Fresh zip v1.1.4
       Fresh darling v0.20.11
       Fresh hashlink v0.10.0
       Fresh anyhow v1.0.102
       Fresh unicode-normalization v0.1.25
       Fresh crc v3.4.0
       Fresh hyper v1.8.1
       Fresh event-listener v5.4.1
       Fresh sha2 v0.10.9
       Fresh hmac v0.12.1
       Fresh tokio-stream v0.1.18
       Fresh futures-intrusive v0.5.0
       Fresh secrecy v0.10.3
       Fresh sync_wrapper v1.0.2
       Fresh crossbeam-queue v0.3.12
       Fresh unicode-properties v0.1.4
       Fresh simd-adler32 v0.3.8
       Fresh unicode-width v0.2.2
       Fresh ipnet v2.12.0
       Fresh heck v0.5.0
       Fresh adler2 v2.0.1
       Fresh tower-layer v0.3.3
       Fresh unicode-bidi v0.3.18
       Fresh console v0.15.11
       Fresh r2d2-secure-mem v8.2.0 (/mnt/d/XXXX/R2D2/r2d2-secure-mem)
       Fresh portable-atomic v1.13.1
       Fresh sqlx-core v0.8.6
       Fresh hkdf v0.12.4
       Fresh candle-core v0.8.4
       Fresh derive_builder_core v0.20.2
       Fresh http-body-util v0.1.3
       Fresh md-5 v0.10.6
       Fresh futures-executor v0.3.32
       Fresh miniz_oxide v0.8.9
       Fresh tower v0.5.3
       Fresh hyper-util v0.1.20
       Fresh sqlx-macros-core v0.8.6
       Fresh stringprep v0.1.5
       Fresh atoi v2.0.0
       Fresh hex v0.4.3
       Fresh minimal-lexical v0.2.1
       Fresh option-ext v0.2.0
       Fresh whoami v1.6.1
       Fresh dotenvy v0.15.7
       Fresh ryu v1.0.23
       Fresh bit-vec v0.6.3
       Fresh home v0.5.12
       Fresh lazy_static v1.5.0
       Fresh iri-string v0.7.11
       Fresh number_prefix v0.4.0
       Fresh dirs-sys v0.5.0
       Fresh sqlx-postgres v0.8.6
       Fresh sqlx-macros v0.8.6
       Fresh serde_urlencoded v0.7.1
       Fresh bit-set v0.5.3
       Fresh nom v7.1.3
       Fresh flate2 v1.1.9
       Fresh hyper-tls v0.6.0
       Fresh onig_sys v69.9.1
       Fresh candle-nn v0.8.4
       Fresh r2d2-kernel v8.2.0 (/mnt/d/XXXX/R2D2/r2d2-kernel)
       Fresh futures v0.3.32
       Fresh derive_builder_macro v0.20.2
       Fresh tower-http v0.6.8
       Fresh indicatif v0.17.11
       Fresh sha1 v0.10.6
       Fresh http v0.2.12
       Fresh socks v0.3.4
       Fresh itertools v0.11.0
       Fresh monostate-impl v0.1.18
       Fresh async-trait v0.1.89
       Fresh encoding_rs v0.8.35
       Fresh mime v0.3.17
       Fresh macro_rules_attribute-proc_macro v0.2.2
       Fresh utf-8 v0.7.6
       Fresh unicode-segmentation v1.12.0
       Fresh base64 v0.13.1
       Fresh data-encoding v2.10.0
       Fresh sqlx v0.8.6
       Fresh tungstenite v0.20.1
       Fresh ureq v2.12.1
       Fresh monostate v0.1.18
       Fresh macro_rules_attribute v0.2.2
       Fresh reqwest v0.12.28
       Fresh rayon-cond v0.3.0
       Fresh spm_precompiled v0.1.4
       Fresh fancy-regex v0.13.0
       Fresh esaxx-rs v0.1.10
       Fresh derive_builder v0.20.2
       Fresh dirs v6.0.0
       Fresh onig v6.5.1
       Fresh regex v1.12.3
       Fresh r2d2-jsonai v8.2.0 (/mnt/d/XXXX/R2D2/r2d2-jsonai)
       Fresh unicode-normalization-alignments v0.1.12
       Fresh itertools v0.12.1
       Fresh serde_plain v1.0.2
       Fresh unicode_categories v0.1.1
       Fresh tokio-tungstenite v0.20.1
       Fresh hf-hub v0.4.3
       Fresh pgvector v0.4.1
       Fresh r2d2-bitnet v8.2.0 (/mnt/d/XXXX/R2D2/r2d2-bitnet)
       Fresh sharded-slab v0.1.7
       Fresh tracing-log v0.2.0
       Fresh thread_local v1.1.9
       Fresh nu-ansi-term v0.50.3
       Fresh base64 v0.21.7
       Fresh r2d2-paradox v8.2.0 (/mnt/d/XXXX/R2D2/r2d2-paradox)
       Fresh candle-transformers v0.8.4
       Fresh tokenizers v0.19.1
       Fresh r2d2-blackboard v8.2.0 (/mnt/d/XXXX/R2D2/r2d2-blackboard)
       Fresh tracing-subscriber v0.3.23
       Fresh mcp_rust_sdk v0.1.1
    Checking r2d2-cortex v8.2.0 (/mnt/d/XXXX/R2D2/r2d2-cortex)
     Running `CARGO=/home/jGx/.rustup/toolchains/stable-x86_64-unknown-linux-gnu/bin/cargo CARGO_CRATE_NAME=r2d2_cortex CARGO_MANIFEST_DIR=/mnt/d/XXXX/R2D2/r2d2-cortex CARGO_MANIFEST_PATH=/mnt/d/XXXX/R2D2/r2d2-cortex/Cargo.toml CARGO_PKG_AUTHORS='Architect Rusty <rusty@r2d2.network>' CARGO_PKG_DESCRIPTION='Brique 5 : Bibliothèque Plug&Play des Agents IA Locaux via Candle' CARGO_PKG_HOMEPAGE='' CARGO_PKG_LICENSE='' CARGO_PKG_LICENSE_FILE='' CARGO_PKG_NAME=r2d2-cortex CARGO_PKG_README='' CARGO_PKG_REPOSITORY='' CARGO_PKG_RUST_VERSION='' CARGO_PKG_VERSION=8.2.0 CARGO_PKG_VERSION_MAJOR=8 CARGO_PKG_VERSION_MINOR=2 CARGO_PKG_VERSION_PATCH=0 CARGO_PKG_VERSION_PRE='' LD_LIBRARY_PATH='/mnt/d/XXXX/R2D2/target/debug/deps:/home/jGx/.rustup/toolchains/stable-x86_64-unknown-linux-gnu/lib' /home/jGx/.rustup/toolchains/stable-x86_64-unknown-linux-gnu/bin/rustc --crate-name r2d2_cortex --edition=2021 r2d2-cortex/src/lib.rs --error-format=json --json=diagnostic-rendered-ansi,artifacts,future-incompat --crate-type lib --emit=dep-info,metadata -C embed-bitcode=no -C debuginfo=2 --check-cfg 'cfg(docsrs,test)' --check-cfg 'cfg(feature, values())' -C metadata=d75d0d9cbcbef8d1 -C extra-filename=-41168e60fe330dea --out-dir /mnt/d/XXXX/R2D2/target/debug/deps -C incremental=/mnt/d/XXXX/R2D2/target/debug/incremental -L dependency=/mnt/d/XXXX/R2D2/target/debug/deps --extern anyhow=/mnt/d/XXXX/R2D2/target/debug/deps/libanyhow-e68c74d851d6b4c7.rmeta --extern async_trait=/mnt/d/XXXX/R2D2/target/debug/deps/libasync_trait-02ccd005d19c0643.so --extern candle_core=/mnt/d/XXXX/R2D2/target/debug/deps/libcandle_core-3650092cb28e5584.rmeta --extern candle_nn=/mnt/d/XXXX/R2D2/target/debug/deps/libcandle_nn-c5abd60dd7a4bc8c.rmeta --extern candle_transformers=/mnt/d/XXXX/R2D2/target/debug/deps/libcandle_transformers-3ca8c5ffaea95b0f.rmeta --extern hf_hub=/mnt/d/XXXX/R2D2/target/debug/deps/libhf_hub-27e581c877da1ea7.rmeta --extern r2d2_bitnet=/mnt/d/XXXX/R2D2/target/debug/deps/libr2d2_bitnet-756c36955bf587bf.rmeta --extern r2d2_kernel=/mnt/d/XXXX/R2D2/target/debug/deps/libr2d2_kernel-4740027022b256d8.rmeta --extern r2d2_secure_mem=/mnt/d/XXXX/R2D2/target/debug/deps/libr2d2_secure_mem-dacd13cff5b9e433.rmeta --extern serde=/mnt/d/XXXX/R2D2/target/debug/deps/libserde-e524e679a15f97bc.rmeta --extern serde_json=/mnt/d/XXXX/R2D2/target/debug/deps/libserde_json-3e177779994714cb.rmeta --extern thiserror=/mnt/d/XXXX/R2D2/target/debug/deps/libthiserror-c8d739c6e77317cf.rmeta --extern tokenizers=/mnt/d/XXXX/R2D2/target/debug/deps/libtokenizers-270e950a1318e2d3.rmeta --extern tokio=/mnt/d/XXXX/R2D2/target/debug/deps/libtokio-720ab50d3626796d.rmeta --extern tracing=/mnt/d/XXXX/R2D2/target/debug/deps/libtracing-a582e60d3f1a2b6b.rmeta -L native=/mnt/d/XXXX/R2D2/target/debug/build/ring-5b1671c5f79ca26c/out -L native=/mnt/d/XXXX/R2D2/target/debug/build/esaxx-rs-b510f9e2372c2d7f/out -L native=/mnt/d/XXXX/R2D2/target/debug/build/onig_sys-62035918183bb29a/out`
error[E0407]: method `interact` is not a member of trait `CognitiveAgent`
  --> r2d2-cortex/src/models/bitnet_agent.rs:72:5
   |
72 |     #[instrument(skip(self, prompt))]
   |     ^^^^^^^^^^^^^^^^^^^^^^^^^^^^^^^^^ not a member of trait `CognitiveAgent`
   |
   = note: this error originates in the attribute macro `instrument` (in Nightly builds, run with -Z macro-backtrace for more info)

error[E0046]: not all trait items implemented, missing: `generate_thought`
  --> r2d2-cortex/src/models/bitnet_agent.rs:37:1
   |
37 | impl CognitiveAgent for BitNetAgent {
   | ^^^^^^^^^^^^^^^^^^^^^^^^^^^^^^^^^^^ missing `generate_thought` in implementation
   |
  ::: r2d2-cortex/src/agent.rs:40:5
   |
40 |     async fn generate_thought(&mut self, prompt: &str) -> Result<String, AgentError>;
   |     --------------------------------------------------------------------------------- `generate_thought` from trait

Some errors have detailed explanations: E0046, E0407.
For more information about an error, try `rustc --explain E0046`.
error: could not compile `r2d2-cortex` (lib) due to 2 previous errors

Caused by:
  process didn't exit successfully: `CARGO=/home/jGx/.rustup/toolchains/stable-x86_64-unknown-linux-gnu/bin/cargo CARGO_CRATE_NAME=r2d2_cortex CARGO_MANIFEST_DIR=/mnt/d/XXXX/R2D2/r2d2-cortex CARGO_MANIFEST_PATH=/mnt/d/XXXX/R2D2/r2d2-cortex/Cargo.toml CARGO_PKG_AUTHORS='Architect Rusty <rusty@r2d2.network>' CARGO_PKG_DESCRIPTION='Brique 5 : Bibliothèque Plug&Play des Agents IA Locaux via Candle' CARGO_PKG_HOMEPAGE='' CARGO_PKG_LICENSE='' CARGO_PKG_LICENSE_FILE='' CARGO_PKG_NAME=r2d2-cortex CARGO_PKG_README='' CARGO_PKG_REPOSITORY='' CARGO_PKG_RUST_VERSION='' CARGO_PKG_VERSION=8.2.0 CARGO_PKG_VERSION_MAJOR=8 CARGO_PKG_VERSION_MINOR=2 CARGO_PKG_VERSION_PATCH=0 CARGO_PKG_VERSION_PRE='' LD_LIBRARY_PATH='/mnt/d/XXXX/R2D2/target/debug/deps:/home/jGx/.rustup/toolchains/stable-x86_64-unknown-linux-gnu/lib' /home/jGx/.rustup/toolchains/stable-x86_64-unknown-linux-gnu/bin/rustc --crate-name r2d2_cortex --edition=2021 r2d2-cortex/src/lib.rs --error-format=json --json=diagnostic-rendered-ansi,artifacts,future-incompat --crate-type lib --emit=dep-info,metadata -C embed-bitcode=no -C debuginfo=2 --check-cfg 'cfg(docsrs,test)' --check-cfg 'cfg(feature, values())' -C metadata=d75d0d9cbcbef8d1 -C extra-filename=-41168e60fe330dea --out-dir /mnt/d/XXXX/R2D2/target/debug/deps -C incremental=/mnt/d/XXXX/R2D2/target/debug/incremental -L dependency=/mnt/d/XXXX/R2D2/target/debug/deps --extern anyhow=/mnt/d/XXXX/R2D2/target/debug/deps/libanyhow-e68c74d851d6b4c7.rmeta --extern async_trait=/mnt/d/XXXX/R2D2/target/debug/deps/libasync_trait-02ccd005d19c0643.so --extern candle_core=/mnt/d/XXXX/R2D2/target/debug/deps/libcandle_core-3650092cb28e5584.rmeta --extern candle_nn=/mnt/d/XXXX/R2D2/target/debug/deps/libcandle_nn-c5abd60dd7a4bc8c.rmeta --extern candle_transformers=/mnt/d/XXXX/R2D2/target/debug/deps/libcandle_transformers-3ca8c5ffaea95b0f.rmeta --extern hf_hub=/mnt/d/XXXX/R2D2/target/debug/deps/libhf_hub-27e581c877da1ea7.rmeta --extern r2d2_bitnet=/mnt/d/XXXX/R2D2/target/debug/deps/libr2d2_bitnet-756c36955bf587bf.rmeta --extern r2d2_kernel=/mnt/d/XXXX/R2D2/target/debug/deps/libr2d2_kernel-4740027022b256d8.rmeta --extern r2d2_secure_mem=/mnt/d/XXXX/R2D2/target/debug/deps/libr2d2_secure_mem-dacd13cff5b9e433.rmeta --extern serde=/mnt/d/XXXX/R2D2/target/debug/deps/libserde-e524e679a15f97bc.rmeta --extern serde_json=/mnt/d/XXXX/R2D2/target/debug/deps/libserde_json-3e177779994714cb.rmeta --extern thiserror=/mnt/d/XXXX/R2D2/target/debug/deps/libthiserror-c8d739c6e77317cf.rmeta --extern tokenizers=/mnt/d/XXXX/R2D2/target/debug/deps/libtokenizers-270e950a1318e2d3.rmeta --extern tokio=/mnt/d/XXXX/R2D2/target/debug/deps/libtokio-720ab50d3626796d.rmeta --extern tracing=/mnt/d/XXXX/R2D2/target/debug/deps/libtracing-a582e60d3f1a2b6b.rmeta -L native=/mnt/d/XXXX/R2D2/target/debug/build/ring-5b1671c5f79ca26c/out -L native=/mnt/d/XXXX/R2D2/target/debug/build/esaxx-rs-b510f9e2372c2d7f/out -L native=/mnt/d/XXXX/R2D2/target/debug/build/onig_sys-62035918183bb29a/out` (exit status: 1)
